<?xml version="1.0" encoding="UTF-8"?>
<!-- Generated by org.testng.reporters.JUnitReportReporter -->
<testsuite hostname="Megha" failures="0" tests="1" name="testCases.TC3_PlaceOrder" time="89.836" errors="0" timestamp="2023-10-28T20:49:12 IST" skipped="0">
  <testcase classname="testCases.TC3_PlaceOrder" name="PlaceOrder" time="89.836"/>
</testsuite> <!-- testCases.TC3_PlaceOrder -->
