<?xml version="1.0" encoding="UTF-8"?>
<!-- Generated by org.testng.reporters.JUnitReportReporter -->
<testsuite hostname="Megha" failures="0" tests="1" name="testCases.TC4_AddProduct_ToWishList" time="72.873" errors="0" timestamp="2023-10-28T20:51:05 IST" skipped="0">
  <testcase classname="testCases.TC4_AddProduct_ToWishList" name="AddProduct_Wishlist" time="72.873"/>
</testsuite> <!-- testCases.TC4_AddProduct_ToWishList -->
