<?xml version="1.0" encoding="UTF-8"?>
<!-- Generated by org.testng.reporters.JUnitReportReporter -->
<testsuite hostname="Megha" failures="0" tests="1" name="testCases.TC2_Add_Remove_Product" time="76.960" errors="0" timestamp="2023-10-28T20:45:31 IST" skipped="0">
  <testcase classname="testCases.TC2_Add_Remove_Product" name="BuyProducts" time="76.960"/>
</testsuite> <!-- testCases.TC2_Add_Remove_Product -->
