<?xml version="1.0" encoding="UTF-8"?>
<!-- Generated by org.testng.reporters.JUnitReportReporter -->
<testsuite hostname="Megha" failures="0" tests="1" name="testCases.TC1_Login" time="13.307" errors="0" timestamp="2023-10-28T20:43:27 IST" skipped="0">
  <testcase classname="testCases.TC1_Login" name="Login" time="13.307"/>
</testsuite> <!-- testCases.TC1_Login -->
