<?xml version="1.0" encoding="UTF-8"?>
<!-- Generated by org.testng.reporters.JUnitReportReporter -->
<testsuite hostname="Megha" failures="0" tests="1" name="testCases.TC2_BuyProducts" time="49.555" errors="0" timestamp="2023-10-27T10:21:44 IST" skipped="0">
  <testcase classname="testCases.TC2_BuyProducts" name="BuyProducts" time="49.555"/>
</testsuite> <!-- testCases.TC2_BuyProducts -->
