<?xml version="1.0" encoding="UTF-8"?>
<!-- Generated by org.testng.reporters.JUnitReportReporter -->
<testsuite hostname="Megha" failures="0" tests="1" name="testCases.TC2_AddtoCart" time="38.985" errors="0" timestamp="2023-10-27T12:45:48 IST" skipped="0">
  <testcase classname="testCases.TC2_AddtoCart" name="BuyProducts" time="38.985"/>
</testsuite> <!-- testCases.TC2_AddtoCart -->
